Compiling the C compiler identification source file "CMakeCCompilerId.c" failed.
Compiler: /usr/bin/gcc 
Build flags: -mlongcalls;
Id flags:  

The output was:
1
gcc: error: unrecognized command-line option ‘-mlongcalls’


Compiling the C compiler identification source file "CMakeCCompilerId.c" failed.
Compiler: /usr/bin/gcc 
Build flags: -mlongcalls;
Id flags: -c 

The output was:
1
gcc: error: unrecognized command-line option ‘-mlongcalls’


Compiling the C compiler identification source file "CMakeCCompilerId.c" failed.
Compiler: /usr/bin/gcc 
Build flags: -mlongcalls;
Id flags: -Aa 

The output was:
1
gcc: error: unrecognized command-line option ‘-mlongcalls’


Compiling the C compiler identification source file "CMakeCCompilerId.c" failed.
Compiler: /usr/bin/gcc 
Build flags: -mlongcalls;
Id flags: -D__CLASSIC_C__ 

The output was:
1
gcc: error: unrecognized command-line option ‘-mlongcalls’


Compiling the C compiler identification source file "CMakeCCompilerId.c" failed.
Compiler: /usr/bin/gcc 
Build flags: -mlongcalls;
Id flags: --target=arm-arm-none-eabi;-mcpu=cortex-m3 

The output was:
1
gcc: warning: ‘-mcpu=’ is deprecated; use ‘-mtune=’ or ‘-march=’ instead
gcc: error: unrecognized command-line option ‘-mlongcalls’
gcc: error: unrecognized command-line option ‘--target=arm-arm-none-eabi’


Compiling the C compiler identification source file "CMakeCCompilerId.c" failed.
Compiler: /usr/bin/gcc 
Build flags: -mlongcalls;
Id flags: -c;-I__does_not_exist__ 

The output was:
1
gcc: error: unrecognized command-line option ‘-mlongcalls’


Compiling the CXX compiler identification source file "CMakeCXXCompilerId.cpp" failed.
Compiler: /usr/bin/g++ 
Build flags: -mlongcalls;
Id flags:  

The output was:
1
g++: error: unrecognized command-line option ‘-mlongcalls’


Compiling the CXX compiler identification source file "CMakeCXXCompilerId.cpp" failed.
Compiler: /usr/bin/g++ 
Build flags: -mlongcalls;
Id flags: -c 

The output was:
1
g++: error: unrecognized command-line option ‘-mlongcalls’


Compiling the CXX compiler identification source file "CMakeCXXCompilerId.cpp" failed.
Compiler: /usr/bin/g++ 
Build flags: -mlongcalls;
Id flags: --c++ 

The output was:
1
g++: error: unrecognized command-line option ‘-mlongcalls’
g++: error: unrecognized command-line option ‘--c++’


Compiling the CXX compiler identification source file "CMakeCXXCompilerId.cpp" failed.
Compiler: /usr/bin/g++ 
Build flags: -mlongcalls;
Id flags: --ec++ 

The output was:
1
g++: error: unrecognized command-line option ‘-mlongcalls’
g++: error: unrecognized command-line option ‘--ec++’; did you mean ‘-Weffc++’?


Compiling the CXX compiler identification source file "CMakeCXXCompilerId.cpp" failed.
Compiler: /usr/bin/g++ 
Build flags: -mlongcalls;
Id flags: --target=arm-arm-none-eabi;-mcpu=cortex-m3 

The output was:
1
g++: warning: ‘-mcpu=’ is deprecated; use ‘-mtune=’ or ‘-march=’ instead
g++: error: unrecognized command-line option ‘-mlongcalls’
g++: error: unrecognized command-line option ‘--target=arm-arm-none-eabi’


Compiling the CXX compiler identification source file "CMakeCXXCompilerId.cpp" failed.
Compiler: /usr/bin/g++ 
Build flags: -mlongcalls;
Id flags: -c;-I__does_not_exist__ 

The output was:
1
g++: error: unrecognized command-line option ‘-mlongcalls’


